{"numTotalTestSuites":9,"numPassedTestSuites":9,"numFailedTestSuites":0,"numPendingTestSuites":0,"numTotalTests":26,"numPassedTests":26,"numFailedTests":0,"numPendingTests":0,"numTodoTests":0,"snapshot":{"added":0,"failure":false,"filesAdded":0,"filesRemoved":0,"filesRemovedList":[],"filesUnmatched":0,"filesUpdated":0,"matched":0,"total":0,"unchecked":0,"uncheckedKeysByFile":[],"unmatched":0,"updated":0,"didUpdate":false},"startTime":1773781905649,"success":true,"testResults":[{"assertionResults":[{"ancestorTitles":["calcularValor","Avulso (90 min grátis)"],"fullName":"calcularValor Avulso (90 min grátis) 1.1 Dentro do grátis (89 min)","status":"passed","title":"1.1 Dentro do grátis (89 min)","duration":5.080600000000004,"failureMessages":[],"meta":{}},{"ancestorTitles":["calcularValor","Avulso (90 min grátis)"],"fullName":"calcularValor Avulso (90 min grátis) 1.2 Exatamente 90 min","status":"passed","title":"1.2 Exatamente 90 min","duration":0.44820000000004256,"failureMessages":[],"meta":{}},{"ancestorTitles":["calcularValor","Avulso (90 min grátis)"],"fullName":"calcularValor Avulso (90 min grátis) 1.3 1 minuto além do grátis → R$ 4 (1 fração)","status":"passed","title":"1.3 1 minuto além do grátis → R$ 4 (1 fração)","duration":0.3553999999999178,"failureMessages":[],"meta":{}},{"ancestorTitles":["calcularValor","Avulso (90 min grátis)"],"fullName":"calcularValor Avulso (90 min grátis) 1.4 1h31 total avulso → R$ 4","status":"passed","title":"1.4 1h31 total avulso → R$ 4","duration":0.4475999999999658,"failureMessages":[],"meta":{}},{"ancestorTitles":["calcularValor","Avulso (90 min grátis)"],"fullName":"calcularValor Avulso (90 min grátis) 1.5 2 horas além do grátis → R$ 8","status":"passed","title":"1.5 2 horas além do grátis → R$ 8","duration":0.38210000000003674,"failureMessages":[],"meta":{}},{"ancestorTitles":["calcularValor","Avulso (90 min grátis)"],"fullName":"calcularValor Avulso (90 min grátis) 1.6 1h01 de excedente (fração = 1h) → R$ 8","status":"passed","title":"1.6 1h01 de excedente (fração = 1h) → R$ 8","duration":0.3834999999999127,"failureMessages":[],"meta":{}},{"ancestorTitles":["calcularValor","Mensalista (150 min grátis)"],"fullName":"calcularValor Mensalista (150 min grátis) 1.7 Dentro do grátis (149 min)","status":"passed","title":"1.7 Dentro do grátis (149 min)","duration":0.30940000000009604,"failureMessages":[],"meta":{}},{"ancestorTitles":["calcularValor","Mensalista (150 min grátis)"],"fullName":"calcularValor Mensalista (150 min grátis) 1.8 Exatamente 2h30 (150 min)","status":"passed","title":"1.8 Exatamente 2h30 (150 min)","duration":0.3288000000000011,"failureMessages":[],"meta":{}},{"ancestorTitles":["calcularValor","Mensalista (150 min grátis)"],"fullName":"calcularValor Mensalista (150 min grátis) 1.9 1 min além (2h31) → R$ 4","status":"passed","title":"1.9 1 min além (2h31) → R$ 4","duration":0.49119999999993524,"failureMessages":[],"meta":{}},{"ancestorTitles":["calcularValor","Uso diário (dailyUsedMinutes)"],"fullName":"calcularValor Uso diário (dailyUsedMinutes) 1.10 60 min já usados, 60 min estadia dentro do restante (30 grátis)","status":"passed","title":"1.10 60 min já usados, 60 min estadia dentro do restante (30 grátis)","duration":0.4453000000000884,"failureMessages":[],"meta":{}},{"ancestorTitles":["calcularValor","Uso diário (dailyUsedMinutes)"],"fullName":"calcularValor Uso diário (dailyUsedMinutes) 1.11 90 min já usados, 60 min estadia → 60 min pagos (1h) R$ 4","status":"passed","title":"1.11 90 min já usados, 60 min estadia → 60 min pagos (1h) R$ 4","duration":0.2805000000000746,"failureMessages":[],"meta":{}},{"ancestorTitles":["calcularValor","Uso diário (dailyUsedMinutes)"],"fullName":"calcularValor Uso diário (dailyUsedMinutes) 1.18 effectiveFree negativo (dailyUsed > free)","status":"passed","title":"1.18 effectiveFree negativo (dailyUsed > free)","duration":0.24929999999994834,"failureMessages":[],"meta":{}},{"ancestorTitles":["calcularValor","Pernoite"],"fullName":"calcularValor Pernoite 1.12 Pernoite aplicado (estadia > 24h, entrada 19h, saída 07h) → R$ 50","status":"passed","title":"1.12 Pernoite aplicado (estadia > 24h, entrada 19h, saída 07h) → R$ 50","duration":0.4533000000001266,"failureMessages":[],"meta":{}},{"ancestorTitles":["calcularValor","Pernoite"],"fullName":"calcularValor Pernoite 1.13 Pernoite não aplicado → valor por horas (12h estadia, 90 min grátis = 11h cobradas R$ 44)","status":"passed","title":"1.13 Pernoite não aplicado → valor por horas (12h estadia, 90 min grátis = 11h cobradas R$ 44)","duration":1.5981999999999061,"failureMessages":[],"meta":{}},{"ancestorTitles":["calcularValor","Pernoite"],"fullName":"calcularValor Pernoite 1.14 Mesmo dia (não é pernoite) → 7h excedente R$ 28","status":"passed","title":"1.14 Mesmo dia (não é pernoite) → 7h excedente R$ 28","duration":0.2963000000002012,"failureMessages":[],"meta":{}},{"ancestorTitles":["calcularValor","Planos especiais"],"fullName":"calcularValor Planos especiais 1.15 Funcionário (720 min) 10h estadia → R$ 0","status":"passed","title":"1.15 Funcionário (720 min) 10h estadia → R$ 0","duration":0.25470000000018445,"failureMessages":[],"meta":{}},{"ancestorTitles":["calcularValor","Planos especiais"],"fullName":"calcularValor Planos especiais 1.16 Garagem (999999 min)","status":"passed","title":"1.16 Garagem (999999 min)","duration":0.24630000000001928,"failureMessages":[],"meta":{}},{"ancestorTitles":["calcularValor","Planos especiais"],"fullName":"calcularValor Planos especiais 1.17 Zero minutos grátis, 1h estadia → R$ 4","status":"passed","title":"1.17 Zero minutos grátis, 1h estadia → R$ 4","duration":0.276299999999992,"failureMessages":[],"meta":{}},{"ancestorTitles":["isPernoite"],"fullName":"isPernoite 2.1 Entrada 18h, saída 07h com estadia > 24h → true","status":"passed","title":"2.1 Entrada 18h, saída 07h com estadia > 24h → true","duration":0.30310000000008586,"failureMessages":[],"meta":{}},{"ancestorTitles":["isPernoite"],"fullName":"isPernoite 2.2 Entrada 19h, saída 08h com estadia > 24h → true","status":"passed","title":"2.2 Entrada 19h, saída 08h com estadia > 24h → true","duration":0.2520999999999276,"failureMessages":[],"meta":{}},{"ancestorTitles":["isPernoite"],"fullName":"isPernoite 2.4 Saída 09h (fora 00h–08h) → false","status":"passed","title":"2.4 Saída 09h (fora 00h–08h) → false","duration":0.3208999999999378,"failureMessages":[],"meta":{}},{"ancestorTitles":["isPernoite"],"fullName":"isPernoite 2.5 Entrada 17h (antes de 18h) → false","status":"passed","title":"2.5 Entrada 17h (antes de 18h) → false","duration":0.2982999999999265,"failureMessages":[],"meta":{}},{"ancestorTitles":["isPernoite"],"fullName":"isPernoite 2.6 Mesmo dia → false","status":"passed","title":"2.6 Mesmo dia → false","duration":0.24049999999988358,"failureMessages":[],"meta":{}},{"ancestorTitles":["minutosDaEstadia"],"fullName":"minutosDaEstadia 3.1 60 min","status":"passed","title":"3.1 60 min","duration":0.39869999999996253,"failureMessages":[],"meta":{}},{"ancestorTitles":["minutosDaEstadia"],"fullName":"minutosDaEstadia 3.2 91 min","status":"passed","title":"3.2 91 min","duration":0.23060000000009495,"failureMessages":[],"meta":{}},{"ancestorTitles":["minutosDaEstadia"],"fullName":"minutosDaEstadia 3.3 0 min","status":"passed","title":"3.3 0 min","duration":0.20870000000013533,"failureMessages":[],"meta":{}}],"startTime":1773781907514,"endTime":1773781907530.2307,"status":"passed","message":"","name":"C:/Users/Murilo Dutra/Desktop/Projetos/meu-estacionamento/__tests__/unit/calculations.test.ts"}]}